<?xml version="1.0" encoding="UTF-8"?>
<testng-results ignored="0" total="1" passed="1" failed="0" skipped="0">
  <reporter-output>
  </reporter-output>
  <suite started-at="2021-11-04T02:00:01Z" name="Default suite" finished-at="2021-11-04T02:00:18Z" duration-ms="16671">
    <groups>
    </groups>
    <test started-at="2021-11-04T02:00:01Z" name="Default test" finished-at="2021-11-04T02:00:18Z" duration-ms="16671">
      <class name="OrangeHRM100.Parameterization">
        <test-method signature="Options()[pri:0, instance:OrangeHRM100.Parameterization@1fd14d74]" started-at="2021-11-04T02:00:01Z" name="Options" finished-at="2021-11-04T02:00:18Z" duration-ms="16620" status="PASS">
          <reporter-output>
          </reporter-output>
        </test-method> <!-- Options -->
      </class> <!-- OrangeHRM100.Parameterization -->
    </test> <!-- Default test -->
  </suite> <!-- Default suite -->
</testng-results>
